Document: ID=input.txt (2 sentences, 17 tokens)

Sentence #1 (7 tokens):
Stanford University is located in California.

Tokens:
[Text=Stanford CharacterOffsetBegin=0 CharacterOffsetEnd=8 PartOfSpeech=NNP Lemma=Stanford NamedEntityTag=ORGANIZATION]
[Text=University CharacterOffsetBegin=9 CharacterOffsetEnd=19 PartOfSpeech=NNP Lemma=University NamedEntityTag=ORGANIZATION]
[Text=is CharacterOffsetBegin=20 CharacterOffsetEnd=22 PartOfSpeech=VBZ Lemma=be NamedEntityTag=O]
[Text=located CharacterOffsetBegin=23 CharacterOffsetEnd=30 PartOfSpeech=VBN Lemma=locate NamedEntityTag=O]
[Text=in CharacterOffsetBegin=31 CharacterOffsetEnd=33 PartOfSpeech=IN Lemma=in NamedEntityTag=O]
[Text=California CharacterOffsetBegin=34 CharacterOffsetEnd=44 PartOfSpeech=NNP Lemma=California NamedEntityTag=STATE_OR_PROVINCE]
[Text=. CharacterOffsetBegin=44 CharacterOffsetEnd=45 PartOfSpeech=. Lemma=. NamedEntityTag=O]

Dependency Parse (enhanced plus plus dependencies):
root(ROOT-0, located-4)
compound(University-2, Stanford-1)
nsubj:pass(located-4, University-2)
aux:pass(located-4, is-3)
case(California-6, in-5)
obl:in(located-4, California-6)
punct(located-4, .-7)

Extracted the following NER entity mentions:
Stanford University	ORGANIZATION	ORGANIZATION:0.9997806909488275
California	STATE_OR_PROVINCE	LOCATION:0.9994287460271556

Extracted the following KBP triples:
1.0	Stanford University	org:stateorprovince_of_headquarters	California

Sentence #2 (10 tokens):
It is a great university, founded in 1891.

Tokens:
[Text=It CharacterOffsetBegin=46 CharacterOffsetEnd=48 PartOfSpeech=PRP Lemma=it NamedEntityTag=O]
[Text=is CharacterOffsetBegin=49 CharacterOffsetEnd=51 PartOfSpeech=VBZ Lemma=be NamedEntityTag=O]
[Text=a CharacterOffsetBegin=52 CharacterOffsetEnd=53 PartOfSpeech=DT Lemma=a NamedEntityTag=O]
[Text=great CharacterOffsetBegin=54 CharacterOffsetEnd=59 PartOfSpeech=JJ Lemma=great NamedEntityTag=O]
[Text=university CharacterOffsetBegin=60 CharacterOffsetEnd=70 PartOfSpeech=NN Lemma=university NamedEntityTag=O]
[Text=, CharacterOffsetBegin=70 CharacterOffsetEnd=71 PartOfSpeech=, Lemma=, NamedEntityTag=O]
[Text=founded CharacterOffsetBegin=72 CharacterOffsetEnd=79 PartOfSpeech=VBN Lemma=found NamedEntityTag=O]
[Text=in CharacterOffsetBegin=80 CharacterOffsetEnd=82 PartOfSpeech=IN Lemma=in NamedEntityTag=O]
[Text=1891 CharacterOffsetBegin=83 CharacterOffsetEnd=87 PartOfSpeech=CD Lemma=1891 NamedEntityTag=DATE NormalizedNamedEntityTag=1891 Timex=<TIMEX3 tid="t1" type="DATE" value="1891">1891</TIMEX3>]
[Text=. CharacterOffsetBegin=87 CharacterOffsetEnd=88 PartOfSpeech=. Lemma=. NamedEntityTag=O]

Dependency Parse (enhanced plus plus dependencies):
root(ROOT-0, university-5)
nsubj(university-5, It-1)
cop(university-5, is-2)
det(university-5, a-3)
amod(university-5, great-4)
punct(university-5, ,-6)
acl(university-5, founded-7)
case(1891-9, in-8)
obl:in(founded-7, 1891-9)
punct(university-5, .-10)

Extracted the following NER entity mentions:
1891	DATE	DATE:0.9867899766348976

Coreference set:
	(2,1,[1,2]) -> (1,2,[1,3]), that is: "It" -> "Stanford University"
